# JRE version: OpenJDK Runtime Environment Temurin-21.0.9+10 (21.0.9+10) (build 21.0.9+10-LTS)
# Java VM: OpenJDK 64-Bit Server VM Temurin-21.0.9+10 (21.0.9+10-LTS, mixed mode, emulated-client, sharing, tiered, compressed oops, compressed class ptrs, g1 gc, windows-amd64)
GC Precious Log:
 CardTable entry size: 512
 Card Set container configuration: InlinePtr #cards 4 size 8 Array Of Cards #cards 16 size 48 Howl #buckets 8 coarsen threshold 3686 Howl Bitmap #cards 512 size 80 coarsen threshold 460 Card regions per heap region 1 cards per card region 4096
 CPUs: 4 total, 4 available
 Memory: 16153M
 Large Page Support: Disabled
 NUMA Support: Disabled
 Compressed Oops: Enabled (Zero based)
 Heap Region Size: 2M
 Heap Min Capacity: 8M
 Heap Initial Capacity: 254M
 Heap Max Capacity: 4040M
 Pre-touch: Disabled
 Parallel Workers: 4
 Concurrent Workers: 1
 Concurrent Refinement Workers: 4
 Periodic GC: Disabled
Heap:
 garbage-first heap   total 114688K, used 100570K [0x0000000703800000, 0x0000000800000000)
  region size 2048K, 26 young (53248K), 1 survivors (2048K)
 Metaspace       used 95677K, committed 96640K, reserved 1179648K
  class space    used 13988K, committed 14400K, reserved 1048576K
GC Heap History (20 events):
Event: 15.400 GC heap after
{Heap after GC invocations=27 (full 0):
 garbage-first heap   total 114688K, used 39202K [0x0000000703800000, 0x0000000800000000)
  region size 2048K, 3 young (6144K), 3 survivors (6144K)
 Metaspace       used 78959K, committed 79872K, reserved 1179648K
  class space    used 11564K, committed 11968K, reserved 1048576K
}
Event: 38.903 GC heap before
{Heap before GC invocations=27 (full 0):
 garbage-first heap   total 114688K, used 98594K [0x0000000703800000, 0x0000000800000000)
  region size 2048K, 33 young (67584K), 3 survivors (6144K)
 Metaspace       used 83815K, committed 84736K, reserved 1179648K
  class space    used 12264K, committed 12672K, reserved 1048576K
}
Event: 38.913 GC heap after
{Heap after GC invocations=28 (full 0):
 garbage-first heap   total 114688K, used 44376K [0x0000000703800000, 0x0000000800000000)
  region size 2048K, 5 young (10240K), 5 survivors (10240K)
 Metaspace       used 83815K, committed 84736K, reserved 1179648K
  class space    used 12264K, committed 12672K, reserved 1048576K
}
Event: 39.556 GC heap before
{Heap before GC invocations=28 (full 0):
 garbage-first heap   total 114688K, used 99672K [0x0000000703800000, 0x0000000800000000)
  region size 2048K, 33 young (67584K), 5 survivors (10240K)
 Metaspace       used 89287K, committed 90240K, reserved 1179648K
  class space    used 13203K, committed 13632K, reserved 1048576K
}
Event: 39.563 GC heap after
{Heap after GC invocations=29 (full 0):
 garbage-first heap   total 114688K, used 44943K [0x0000000703800000, 0x0000000800000000)
  region size 2048K, 3 young (6144K), 3 survivors (6144K)
 Metaspace       used 89287K, committed 90240K, reserved 1179648K
  class space    used 13203K, committed 13632K, reserved 1048576K
}
Event: 89.859 GC heap before
{Heap before GC invocations=29 (full 0):
 garbage-first heap   total 114688K, used 104335K [0x0000000703800000, 0x0000000800000000)
  region size 2048K, 32 young (65536K), 3 survivors (6144K)
 Metaspace       used 95051K, committed 96000K, reserved 1179648K
  class space    used 13940K, committed 14336K, reserved 1048576K
}
Event: 89.867 GC heap after
{Heap after GC invocations=30 (full 0):
 garbage-first heap   total 114688K, used 46759K [0x0000000703800000, 0x0000000800000000)
  region size 2048K, 2 young (4096K), 2 survivors (4096K)
 Metaspace       used 95051K, committed 96000K, reserved 1179648K
  class space    used 13940K, committed 14336K, reserved 1048576K
}
Event: 1011.896 GC heap before
{Heap before GC invocations=31 (full 0):
 garbage-first heap   total 114688K, used 106151K [0x0000000703800000, 0x0000000800000000)
  region size 2048K, 31 young (63488K), 2 survivors (4096K)
 Metaspace       used 94652K, committed 96000K, reserved 1179648K
  class space    used 13840K, committed 14336K, reserved 1048576K
}
Event: 1011.902 GC heap after
{Heap after GC invocations=32 (full 0):
 garbage-first heap   total 114688K, used 46759K [0x0000000703800000, 0x0000000800000000)
  region size 2048K, 2 young (4096K), 2 survivors (4096K)
 Metaspace       used 94652K, committed 96000K, reserved 1179648K
  class space    used 13840K, committed 14336K, reserved 1048576K
}
Event: 1011.971 GC heap before
{Heap before GC invocations=32 (full 0):
 garbage-first heap   total 114688K, used 48807K [0x0000000703800000, 0x0000000800000000)
  region size 2048K, 4 young (8192K), 2 survivors (4096K)
 Metaspace       used 94824K, committed 96000K, reserved 1179648K
  class space    used 13877K, committed 14336K, reserved 1048576K
}
Event: 1012.023 GC heap after
{Heap after GC invocations=33 (full 1):
 garbage-first heap   total 114688K, used 33490K [0x0000000703800000, 0x0000000800000000)
  region size 2048K, 0 young (0K), 0 survivors (0K)
 Metaspace       used 94746K, committed 96000K, reserved 1179648K
  class space    used 13857K, committed 14336K, reserved 1048576K
}
Event: 1013.483 GC heap before
{Heap before GC invocations=33 (full 1):
 garbage-first heap   total 114688K, used 101074K [0x0000000703800000, 0x0000000800000000)
  region size 2048K, 33 young (67584K), 0 survivors (0K)
 Metaspace       used 94996K, committed 96000K, reserved 1179648K
  class space    used 13914K, committed 14336K, reserved 1048576K
}
Event: 1013.489 GC heap after
{Heap after GC invocations=34 (full 1):
 garbage-first heap   total 114688K, used 40377K [0x0000000703800000, 0x0000000800000000)
  region size 2048K, 4 young (8192K), 4 survivors (8192K)
 Metaspace       used 94996K, committed 96000K, reserved 1179648K
  class space    used 13914K, committed 14336K, reserved 1048576K
}
Event: 1092.733 GC heap before
{Heap before GC invocations=35 (full 1):
 garbage-first heap   total 114688K, used 97721K [0x0000000703800000, 0x0000000800000000)
  region size 2048K, 33 young (67584K), 4 survivors (8192K)
 Metaspace       used 95380K, committed 96192K, reserved 1179648K
  class space    used 13975K, committed 14336K, reserved 1048576K
}
Event: 1092.741 GC heap after
{Heap after GC invocations=36 (full 1):
 garbage-first heap   total 114688K, used 43271K [0x0000000703800000, 0x0000000800000000)
  region size 2048K, 2 young (4096K), 2 survivors (4096K)
 Metaspace       used 95380K, committed 96192K, reserved 1179648K
  class space    used 13975K, committed 14336K, reserved 1048576K
}
Event: 1128.442 GC heap before
{Heap before GC invocations=36 (full 1):
 garbage-first heap   total 114688K, used 98567K [0x0000000703800000, 0x0000000800000000)
  region size 2048K, 30 young (61440K), 2 survivors (4096K)
 Metaspace       used 95585K, committed 96448K, reserved 1179648K
  class space    used 14002K, committed 14400K, reserved 1048576K
}
Event: 1128.446 GC heap after
{Heap after GC invocations=37 (full 1):
 garbage-first heap   total 114688K, used 45936K [0x0000000703800000, 0x0000000800000000)
  region size 2048K, 3 young (6144K), 3 survivors (6144K)
 Metaspace       used 95585K, committed 96448K, reserved 1179648K
  class space    used 14002K, committed 14400K, reserved 1048576K
}
Event: 1129.354 GC heap before
{Heap before GC invocations=37 (full 1):
 garbage-first heap   total 114688K, used 99184K [0x0000000703800000, 0x0000000800000000)
  region size 2048K, 30 young (61440K), 3 survivors (6144K)
 Metaspace       used 95653K, committed 96512K, reserved 1179648K
  class space    used 14013K, committed 14400K, reserved 1048576K
}
Event: 1129.361 GC heap after
{Heap after GC invocations=38 (full 1):
 garbage-first heap   total 114688K, used 49370K [0x0000000703800000, 0x0000000800000000)
  region size 2048K, 4 young (8192K), 4 survivors (8192K)
 Metaspace       used 95653K, committed 96512K, reserved 1179648K
  class space    used 14013K, committed 14400K, reserved 1048576K
}
Event: 1567.534 GC heap before
{Heap before GC invocations=39 (full 1):
 garbage-first heap   total 114688K, used 100570K [0x0000000703800000, 0x0000000800000000)
  region size 2048K, 29 young (59392K), 4 survivors (8192K)
 Metaspace       used 95677K, committed 96640K, reserved 1179648K
  class space    used 13988K, committed 14400K, reserved 1048576K
}

