# JRE version: OpenJDK Runtime Environment Temurin-21.0.9+10 (21.0.9+10) (build 21.0.9+10-LTS)
# Java VM: OpenJDK 64-Bit Server VM Temurin-21.0.9+10 (21.0.9+10-LTS, mixed mode, emulated-client, sharing, tiered, compressed oops, compressed class ptrs, g1 gc, windows-amd64)
GC Precious Log:
 CardTable entry size: 512
 Card Set container configuration: InlinePtr #cards 4 size 8 Array Of Cards #cards 16 size 48 Howl #buckets 8 coarsen threshold 3686 Howl Bitmap #cards 512 size 80 coarsen threshold 460 Card regions per heap region 1 cards per card region 4096
 CPUs: 4 total, 4 available
 Memory: 16153M
 Large Page Support: Disabled
 NUMA Support: Disabled
 Compressed Oops: Enabled (Zero based)
 Heap Region Size: 2M
 Heap Min Capacity: 8M
 Heap Initial Capacity: 254M
 Heap Max Capacity: 4040M
 Pre-touch: Disabled
 Parallel Workers: 4
 Concurrent Workers: 1
 Concurrent Refinement Workers: 4
 Periodic GC: Disabled
Heap:
 garbage-first heap   total 102400K, used 94437K [0x0000000703800000, 0x0000000800000000)
  region size 2048K, 30 young (61440K), 1 survivors (2048K)
 Metaspace       used 73390K, committed 74624K, reserved 1114112K
  class space    used 10572K, committed 11072K, reserved 1048576K
GC Heap History (20 events):
Event: 2248.946 GC heap after
{Heap after GC invocations=60 (full 7):
 garbage-first heap   total 102400K, used 35722K [0x0000000703800000, 0x0000000800000000)
  region size 2048K, 2 young (4096K), 2 survivors (4096K)
 Metaspace       used 73331K, committed 74624K, reserved 1114112K
  class space    used 10605K, committed 11072K, reserved 1048576K
}
Event: 2253.985 GC heap before
{Heap before GC invocations=60 (full 7):
 garbage-first heap   total 102400K, used 37770K [0x0000000703800000, 0x0000000800000000)
  region size 2048K, 4 young (8192K), 2 survivors (4096K)
 Metaspace       used 73334K, committed 74624K, reserved 1114112K
  class space    used 10606K, committed 11072K, reserved 1048576K
}
Event: 2254.056 GC heap after
{Heap after GC invocations=61 (full 8):
 garbage-first heap   total 102400K, used 33179K [0x0000000703800000, 0x0000000800000000)
  region size 2048K, 0 young (0K), 0 survivors (0K)
 Metaspace       used 73334K, committed 74624K, reserved 1114112K
  class space    used 10606K, committed 11072K, reserved 1048576K
}
Event: 2254.984 GC heap before
{Heap before GC invocations=61 (full 8):
 garbage-first heap   total 102400K, used 88475K [0x0000000703800000, 0x0000000800000000)
  region size 2048K, 27 young (55296K), 0 survivors (0K)
 Metaspace       used 73368K, committed 74624K, reserved 1114112K
  class space    used 10613K, committed 11072K, reserved 1048576K
}
Event: 2254.987 GC heap after
{Heap after GC invocations=62 (full 8):
 garbage-first heap   total 102400K, used 37575K [0x0000000703800000, 0x0000000800000000)
  region size 2048K, 3 young (6144K), 3 survivors (6144K)
 Metaspace       used 73368K, committed 74624K, reserved 1114112K
  class space    used 10613K, committed 11072K, reserved 1048576K
}
Event: 2264.591 GC heap before
{Heap before GC invocations=63 (full 8):
 garbage-first heap   total 102400K, used 78535K [0x0000000703800000, 0x0000000800000000)
  region size 2048K, 24 young (49152K), 3 survivors (6144K)
 Metaspace       used 73486K, committed 74624K, reserved 1114112K
  class space    used 10621K, committed 11072K, reserved 1048576K
}
Event: 2264.643 GC heap after
{Heap after GC invocations=64 (full 9):
 garbage-first heap   total 102400K, used 36574K [0x0000000703800000, 0x0000000800000000)
  region size 2048K, 0 young (0K), 0 survivors (0K)
 Metaspace       used 73486K, committed 74624K, reserved 1114112K
  class space    used 10621K, committed 11072K, reserved 1048576K
}
Event: 2265.274 GC heap before
{Heap before GC invocations=64 (full 9):
 garbage-first heap   total 102400K, used 85726K [0x0000000703800000, 0x0000000800000000)
  region size 2048K, 25 young (51200K), 0 survivors (0K)
 Metaspace       used 73523K, committed 74624K, reserved 1114112K
  class space    used 10628K, committed 11072K, reserved 1048576K
}
Event: 2265.279 GC heap after
{Heap after GC invocations=65 (full 9):
 garbage-first heap   total 102400K, used 40864K [0x0000000703800000, 0x0000000800000000)
  region size 2048K, 3 young (6144K), 3 survivors (6144K)
 Metaspace       used 73523K, committed 74624K, reserved 1114112K
  class space    used 10628K, committed 11072K, reserved 1048576K
}
Event: 2406.113 GC heap before
{Heap before GC invocations=66 (full 9):
 garbage-first heap   total 102400K, used 83872K [0x0000000703800000, 0x0000000800000000)
  region size 2048K, 25 young (51200K), 3 survivors (6144K)
 Metaspace       used 73448K, committed 74624K, reserved 1114112K
  class space    used 10584K, committed 11072K, reserved 1048576K
}
Event: 2406.135 GC heap after
{Heap after GC invocations=67 (full 9):
 garbage-first heap   total 102400K, used 42418K [0x0000000703800000, 0x0000000800000000)
  region size 2048K, 3 young (6144K), 3 survivors (6144K)
 Metaspace       used 73448K, committed 74624K, reserved 1114112K
  class space    used 10584K, committed 11072K, reserved 1048576K
}
Event: 2626.348 GC heap before
{Heap before GC invocations=67 (full 9):
 garbage-first heap   total 102400K, used 87474K [0x0000000703800000, 0x0000000800000000)
  region size 2048K, 25 young (51200K), 3 survivors (6144K)
 Metaspace       used 73448K, committed 74624K, reserved 1114112K
  class space    used 10584K, committed 11072K, reserved 1048576K
}
Event: 2626.368 GC heap after
{Heap after GC invocations=68 (full 9):
 garbage-first heap   total 102400K, used 39202K [0x0000000703800000, 0x0000000800000000)
  region size 2048K, 1 young (2048K), 1 survivors (2048K)
 Metaspace       used 73448K, committed 74624K, reserved 1114112K
  class space    used 10584K, committed 11072K, reserved 1048576K
}
Event: 2878.530 GC heap before
{Heap before GC invocations=68 (full 9):
 garbage-first heap   total 102400K, used 90402K [0x0000000703800000, 0x0000000800000000)
  region size 2048K, 26 young (53248K), 1 survivors (2048K)
 Metaspace       used 73448K, committed 74624K, reserved 1114112K
  class space    used 10584K, committed 11072K, reserved 1048576K
}
Event: 2878.536 GC heap after
{Heap after GC invocations=69 (full 9):
 garbage-first heap   total 102400K, used 38782K [0x0000000703800000, 0x0000000800000000)
  region size 2048K, 1 young (2048K), 1 survivors (2048K)
 Metaspace       used 73448K, committed 74624K, reserved 1114112K
  class space    used 10584K, committed 11072K, reserved 1048576K
}
Event: 3137.618 GC heap before
{Heap before GC invocations=70 (full 9):
 garbage-first heap   total 102400K, used 92030K [0x0000000703800000, 0x0000000800000000)
  region size 2048K, 27 young (55296K), 1 survivors (2048K)
 Metaspace       used 73383K, committed 74624K, reserved 1114112K
  class space    used 10571K, committed 11072K, reserved 1048576K
}
Event: 3137.621 GC heap after
{Heap after GC invocations=71 (full 9):
 garbage-first heap   total 102400K, used 38838K [0x0000000703800000, 0x0000000800000000)
  region size 2048K, 1 young (2048K), 1 survivors (2048K)
 Metaspace       used 73383K, committed 74624K, reserved 1114112K
  class space    used 10571K, committed 11072K, reserved 1048576K
}
Event: 3408.054 GC heap before
{Heap before GC invocations=71 (full 9):
 garbage-first heap   total 102400K, used 94134K [0x0000000703800000, 0x0000000800000000)
  region size 2048K, 28 young (57344K), 1 survivors (2048K)
 Metaspace       used 73383K, committed 74624K, reserved 1114112K
  class space    used 10571K, committed 11072K, reserved 1048576K
}
Event: 3408.059 GC heap after
{Heap after GC invocations=72 (full 9):
 garbage-first heap   total 102400K, used 35045K [0x0000000703800000, 0x0000000800000000)
  region size 2048K, 1 young (2048K), 1 survivors (2048K)
 Metaspace       used 73383K, committed 74624K, reserved 1114112K
  class space    used 10571K, committed 11072K, reserved 1048576K
}
Event: 3690.873 GC heap before
{Heap before GC invocations=72 (full 9):
 garbage-first heap   total 102400K, used 94437K [0x0000000703800000, 0x0000000800000000)
  region size 2048K, 30 young (61440K), 1 survivors (2048K)
 Metaspace       used 73390K, committed 74624K, reserved 1114112K
  class space    used 10572K, committed 11072K, reserved 1048576K
}

